<?xml version="1.0" encoding="UTF-8"?>
<!-- Generated by org.testng.reporters.JUnitReportReporter -->
<testsuite hostname="Mukil" name="com.dakinfotech.maventutorialtutor.FlightBooking" tests="4" failures="0" timestamp="11 May 2016 06:16:04 GMT" time="93.905" errors="0">
  <testcase name="regtest" time="19.087" classname="com.dakinfotech.maventutorialtutor.FlightBooking"/>
  <testcase name="regtest" time="19.552" classname="com.dakinfotech.maventutorialtutor.FlightBooking"/>
  <testcase name="flightbooking" time="28.784" classname="com.dakinfotech.maventutorialtutor.FlightBooking"/>
  <testcase name="flightbooking" time="26.482" classname="com.dakinfotech.maventutorialtutor.FlightBooking"/>
</testsuite> <!-- com.dakinfotech.maventutorialtutor.FlightBooking -->
