<?xml version="1.0" encoding="UTF-8"?>
<!-- Generated by org.testng.reporters.JUnitReportReporter -->
<testsuite hostname="Mukil" name="com.dakinfotech.maventutorialtutor.TutorialsPoint" tests="1" failures="0" timestamp="5 May 2016 23:17:19 GMT" time="16.319" errors="0">
  <testcase name="test1" time="16.319" classname="com.dakinfotech.maventutorialtutor.TutorialsPoint"/>
</testsuite> <!-- com.dakinfotech.maventutorialtutor.TutorialsPoint -->
