<?xml version="1.0" encoding="UTF-8"?>
<!-- Generated by org.testng.reporters.JUnitReportReporter -->
<testsuite hostname="Mukil" name="com.dakinfotech.maventutorialtutor.FlightBooking" tests="4" failures="0" timestamp="11 May 2016 06:27:12 GMT" time="90.939" errors="0">
  <testcase name="regtest" time="18.428" classname="com.dakinfotech.maventutorialtutor.FlightBooking"/>
  <testcase name="flightbooking" time="26.866" classname="com.dakinfotech.maventutorialtutor.FlightBooking"/>
  <testcase name="regtest" time="19.050" classname="com.dakinfotech.maventutorialtutor.FlightBooking"/>
  <testcase name="flightbooking" time="26.595" classname="com.dakinfotech.maventutorialtutor.FlightBooking"/>
</testsuite> <!-- com.dakinfotech.maventutorialtutor.FlightBooking -->
