<?xml version="1.0" encoding="UTF-8"?>
<!-- Generated by org.testng.reporters.JUnitReportReporter -->
<testsuite hostname="Mukil" name="com.dakinfotech.maventutorialtutor.Listtest" tests="1" failures="0" timestamp="6 May 2016 06:56:00 GMT" time="0.006" errors="0">
  <testcase name="listfunc" time="0.006" classname="com.dakinfotech.maventutorialtutor.Listtest"/>
</testsuite> <!-- com.dakinfotech.maventutorialtutor.Listtest -->
