<?xml version="1.0" encoding="UTF-8"?>
<!-- Generated by org.testng.reporters.JUnitReportReporter -->
<testsuite hostname="Mukil" name="com.dakinfotech.maventutorialtutor.TutorialsPoint" tests="1" failures="0" timestamp="11 May 2016 06:27:12 GMT" time="18.564" errors="0">
  <testcase name="test1" time="18.564" classname="com.dakinfotech.maventutorialtutor.TutorialsPoint"/>
</testsuite> <!-- com.dakinfotech.maventutorialtutor.TutorialsPoint -->
